Arguments: 
  C:\Program Files\nodejs\node.exe C:\Users\Rodri\AppData\Roaming\npm\node_modules\yarn\bin\yarn.js add bcyypt

PATH: 
  C:\Program Files (x86)\Common Files\Oracle\Java\javapath;C:\Program Files\Java\zulu11.50.19-ca-jdk11.0.12-win_x64\bin;C:\Windows\system32;C:\Windows;C:\Windows\System32\Wbem;C:\Windows\System32\WindowsPowerShell\v1.0\;C:\Windows\System32\OpenSSH\;C:\Program Files (x86)\NVIDIA Corporation\PhysX\Common;C:\Program Files\NVIDIA Corporation\NVIDIA NvDLISR;C:\Program Files\Microsoft SQL Server\Client SDK\ODBC\170\Tools\Binn\;C:\Program Files (x86)\Microsoft SQL Server\150\Tools\Binn\;C:\Program Files\Microsoft SQL Server\150\Tools\Binn\;C:\Program Files\Microsoft SQL Server\150\DTS\Binn\;C:\Program Files (x86)\Microsoft SQL Server\150\DTS\Binn\;C:\Program Files\Azure Data Studio\bin;C:\Program Files (x86)\dotnet\;C:\Program Files\nodejs\;C:\Program Files\Git\cmd;C:\Users\Rodri\AppData\Local\Programs\Python\Python311\Scripts;C:\Users\Rodri\AppData\Local\Programs\Python\Python310\Scripts;C:\Users\Rodri\AppData\Local\Programs\Python\Python310\Lib\site-packages\numpy;C:\Program Files\dotnet\;C:\Program Files\MySQL\MySQL Shell 8.0\bin\;C:\Users\Rodri\AppData\Local\Programs\Python\Python310\Scripts\;C:\Users\Rodri\AppData\Local\Programs\Python\Python310\;C:\Users\Rodri\AppData\Local\Microsoft\WindowsApps;C:\Program Files\Azure Data Studio\bin;C:\Users\Rodri\AppData\Local\Programs\Microsoft VS Code\bin;C:\Users\Rodri\AppData\Roaming\npm;C:\Users\Rodri\AppData\Local\GitHubDesktop\bin;C:\Users\Rodri\AppData\Local\Programs\Python\Python311\Scripts;C:\Users\Rodri\AppData\Local\Programs\Python\Python310\Scripts;C:\Users\Rodri\AppData\Local\Programs\Python\Python310\Lib\site-packages\numpy;C:\Users\Rodri\.dotnet\tools

Yarn version: 
  1.22.19

Node version: 
  18.15.0

Platform: 
  win32 x64

Trace: 
  Error: https://registry.yarnpkg.com/bcyypt: Not found
      at params.callback [as _callback] (C:\Users\Rodri\AppData\Roaming\npm\node_modules\yarn\lib\cli.js:66145:18)
      at self.callback (C:\Users\Rodri\AppData\Roaming\npm\node_modules\yarn\lib\cli.js:140890:22)
      at Request.emit (node:events:513:28)
      at Request.<anonymous> (C:\Users\Rodri\AppData\Roaming\npm\node_modules\yarn\lib\cli.js:141862:10)
      at Request.emit (node:events:513:28)
      at IncomingMessage.<anonymous> (C:\Users\Rodri\AppData\Roaming\npm\node_modules\yarn\lib\cli.js:141784:12)
      at Object.onceWrapper (node:events:627:28)
      at IncomingMessage.emit (node:events:525:35)
      at endReadableNT (node:internal/streams/readable:1359:12)
      at process.processTicksAndRejections (node:internal/process/task_queues:82:21)

npm manifest: 
  {
    "name": "code",
    "version": "1.0.0",
    "description": "",
    "main": "index.js",
    "scripts": {
      "start": "nodemon ./src/server.js",
      "test": "echo \"Error: no test specified\" && exit 1"
    },
    "keywords": [],
    "author": "",
    "license": "ISC",
    "dependencies": {
      "body-parser": "^1.20.2",
      "cors": "^2.8.5",
      "crypto": "^1.0.1",
      "dotenv": "^16.0.3",
      "express": "^4.18.2",
      "mysql": "^2.18.1",
      "url-search-params-polyfill": "^8.1.1"
    },
    "devDependencies": {
      "nodemon": "^2.0.22"
    }
  }

yarn manifest: 
  No manifest

Lockfile: 
  No lockfile
